0 info it worked if it ends with ok
1 verbose cli [ '/usr/bin/node', '/usr/bin/npm', 'install', '-g', 'phantomjs' ]
2 info using npm@1.4.28
3 info using node@v0.10.33
4 verbose node symlink /usr/bin/node
5 verbose cache add [ 'phantomjs', null ]
6 verbose cache add name=undefined spec="phantomjs" args=["phantomjs",null]
7 verbose parsed url { protocol: null,
7 verbose parsed url   slashes: null,
7 verbose parsed url   auth: null,
7 verbose parsed url   host: null,
7 verbose parsed url   port: null,
7 verbose parsed url   hostname: null,
7 verbose parsed url   hash: null,
7 verbose parsed url   search: null,
7 verbose parsed url   query: null,
7 verbose parsed url   pathname: 'phantomjs',
7 verbose parsed url   path: 'phantomjs',
7 verbose parsed url   href: 'phantomjs' }
8 silly lockFile 30d7cd7d-phantomjs phantomjs
9 verbose lock phantomjs /home/lucas/.npm/30d7cd7d-phantomjs.lock
10 silly lockFile 30d7cd7d-phantomjs phantomjs
11 silly lockFile 30d7cd7d-phantomjs phantomjs
12 verbose addNamed [ 'phantomjs', '' ]
13 verbose addNamed [ null, '*' ]
14 silly lockFile 29cf7fd6-phantomjs phantomjs@
15 verbose lock phantomjs@ /home/lucas/.npm/29cf7fd6-phantomjs.lock
16 silly addNameRange { name: 'phantomjs', range: '*', hasData: false }
17 verbose request where is /phantomjs
18 verbose request registry https://registry.npmjs.org/
19 verbose request id 83a1cc8f5b75d980
20 verbose url raw /phantomjs
21 verbose url resolving [ 'https://registry.npmjs.org/', './phantomjs' ]
22 verbose url resolved https://registry.npmjs.org/phantomjs
23 verbose request where is https://registry.npmjs.org/phantomjs
24 info trying registry request attempt 1 at 11:59:40
25 verbose etag "2LNSGT60GPHGEO3B7HZ2KDFIJ"
26 http GET https://registry.npmjs.org/phantomjs
27 http 200 https://registry.npmjs.org/phantomjs
28 silly registry.get cb [ 200,
28 silly registry.get   { date: 'Thu, 16 Apr 2015 10:59:40 GMT',
28 silly registry.get     server: 'CouchDB/1.5.0 (Erlang OTP/R16B03)',
28 silly registry.get     etag: '"9B87J7OMNVWD21MRWQN04JP8A"',
28 silly registry.get     'content-type': 'application/json',
28 silly registry.get     'cache-control': 'max-age=60',
28 silly registry.get     'content-length': '94765',
28 silly registry.get     'accept-ranges': 'bytes',
28 silly registry.get     via: '1.1 varnish',
28 silly registry.get     age: '40',
28 silly registry.get     'x-served-by': 'cache-fra1244-FRA',
28 silly registry.get     'x-cache': 'HIT',
28 silly registry.get     'x-cache-hits': '1',
28 silly registry.get     'x-timer': 'S1429181980.269575,VS0,VE0',
28 silly registry.get     vary: 'Accept',
28 silly registry.get     'keep-alive': 'timeout=10, max=50',
28 silly registry.get     connection: 'Keep-Alive' } ]
29 silly addNameRange number 2 { name: 'phantomjs', range: '*', hasData: true }
30 silly addNameRange versions [ 'phantomjs',
30 silly addNameRange   [ '0.0.1',
30 silly addNameRange     '0.0.2',
30 silly addNameRange     '0.0.3',
30 silly addNameRange     '0.0.4',
30 silly addNameRange     '0.0.5',
30 silly addNameRange     '0.0.6',
30 silly addNameRange     '0.0.7',
30 silly addNameRange     '0.0.8',
30 silly addNameRange     '0.0.9',
30 silly addNameRange     '0.1.0',
30 silly addNameRange     '0.1.1',
30 silly addNameRange     '0.2.0',
30 silly addNameRange     '0.2.1',
30 silly addNameRange     '0.2.2',
30 silly addNameRange     '0.2.3',
30 silly addNameRange     '0.2.4',
30 silly addNameRange     '0.2.5',
30 silly addNameRange     '0.2.6',
30 silly addNameRange     '1.8.0-1',
30 silly addNameRange     '1.8.1-1',
30 silly addNameRange     '1.8.1-2',
30 silly addNameRange     '1.8.1-3',
30 silly addNameRange     '1.8.2-0',
30 silly addNameRange     '1.8.2-1',
30 silly addNameRange     '1.8.2-2',
30 silly addNameRange     '1.9.0-0',
30 silly addNameRange     '1.9.0-1',
30 silly addNameRange     '1.9.0-2',
30 silly addNameRange     '1.9.0-3',
30 silly addNameRange     '1.9.0-4',
30 silly addNameRange     '1.9.0-5',
30 silly addNameRange     '1.9.0-6',
30 silly addNameRange     '1.9.1-0',
30 silly addNameRange     '1.9.1-2',
30 silly addNameRange     '1.9.1-3',
30 silly addNameRange     '1.9.1-4',
30 silly addNameRange     '1.9.1-5',
30 silly addNameRange     '1.9.1-6',
30 silly addNameRange     '1.9.1-7',
30 silly addNameRange     '1.9.1-8',
30 silly addNameRange     '1.9.1-9',
30 silly addNameRange     '1.9.2-0',
30 silly addNameRange     '1.9.2-1',
30 silly addNameRange     '1.9.2-2',
30 silly addNameRange     '1.9.2-3',
30 silly addNameRange     '1.9.2-4',
30 silly addNameRange     '1.9.2-5',
30 silly addNameRange     '1.9.2-6',
30 silly addNameRange     '1.9.6-0',
30 silly addNameRange     '1.9.7-1',
30 silly addNameRange     '1.9.7-3',
30 silly addNameRange     '1.9.7-4',
30 silly addNameRange     '1.9.7-5',
30 silly addNameRange     '1.9.7-6',
30 silly addNameRange     '1.9.7-7',
30 silly addNameRange     '1.9.7-8',
30 silly addNameRange     '1.9.7-9',
30 silly addNameRange     '1.9.7-10',
30 silly addNameRange     '1.9.7-11',
30 silly addNameRange     '1.9.7-12',
30 silly addNameRange     '1.9.7-13',
30 silly addNameRange     '1.9.7-14',
30 silly addNameRange     '1.9.7-15',
30 silly addNameRange     '1.8.2-3',
30 silly addNameRange     '1.9.8',
30 silly addNameRange     '1.9.9',
30 silly addNameRange     '1.9.10',
30 silly addNameRange     '1.9.11',
30 silly addNameRange     '1.9.12',
30 silly addNameRange     '1.9.13',
30 silly addNameRange     '1.9.15',
30 silly addNameRange     '1.9.16' ] ]
31 verbose addNamed [ 'phantomjs', '1.9.16' ]
32 verbose addNamed [ '1.9.16', '1.9.16' ]
33 silly lockFile ff1a0094-phantomjs-1-9-16 phantomjs@1.9.16
34 verbose lock phantomjs@1.9.16 /home/lucas/.npm/ff1a0094-phantomjs-1-9-16.lock
35 silly lockFile ff1a0094-phantomjs-1-9-16 phantomjs@1.9.16
36 silly lockFile ff1a0094-phantomjs-1-9-16 phantomjs@1.9.16
37 silly lockFile 29cf7fd6-phantomjs phantomjs@
38 silly lockFile 29cf7fd6-phantomjs phantomjs@
39 silly resolved [ { name: 'phantomjs',
39 silly resolved     version: '1.9.16',
39 silly resolved     keywords: [ 'phantomjs', 'headless', 'webkit' ],
39 silly resolved     description: 'Headless WebKit with JS API',
39 silly resolved     homepage: 'https://github.com/Medium/phantomjs',
39 silly resolved     repository: { type: 'git', url: 'git://github.com/Medium/phantomjs.git' },
39 silly resolved     licenses: [ [Object] ],
39 silly resolved     author:
39 silly resolved      { name: 'Dan Pupius',
39 silly resolved        email: 'dan@obvious.com',
39 silly resolved        url: 'http://pupius.co.uk' },
39 silly resolved     maintainers: [ [Object], [Object], [Object] ],
39 silly resolved     main: 'lib/phantomjs',
39 silly resolved     bin: { phantomjs: './bin/phantomjs' },
39 silly resolved     scripts:
39 silly resolved      { install: 'node install.js',
39 silly resolved        test: 'nodeunit --reporter=minimal test/tests.js' },
39 silly resolved     dependencies:
39 silly resolved      { 'adm-zip': '0.4.4',
39 silly resolved        'fs-extra': '~0.16.0',
39 silly resolved        kew: '0.4.0',
39 silly resolved        npmconf: '2.1.1',
39 silly resolved        progress: '1.1.8',
39 silly resolved        request: '2.42.0',
39 silly resolved        'request-progress': '0.3.1',
39 silly resolved        which: '~1.0.5' },
39 silly resolved     devDependencies: { nodeunit: '0.9.0' },
39 silly resolved     gitHead: '71b26b9c64679976528b7c86dac1b480f8986e2b',
39 silly resolved     bugs: { url: 'https://github.com/Medium/phantomjs/issues' },
39 silly resolved     _id: 'phantomjs@1.9.16',
39 silly resolved     _shasum: '989256190c00f987fc96b7067bdb5cd2e420bac9',
39 silly resolved     _from: 'phantomjs@',
39 silly resolved     _npmVersion: '2.5.1',
39 silly resolved     _nodeVersion: '0.12.0',
39 silly resolved     _npmUser: { name: 'nicks', email: 'nicholas.j.santos@gmail.com' },
39 silly resolved     dist:
39 silly resolved      { shasum: '989256190c00f987fc96b7067bdb5cd2e420bac9',
39 silly resolved        tarball: 'http://registry.npmjs.org/phantomjs/-/phantomjs-1.9.16.tgz' },
39 silly resolved     directories: {},
39 silly resolved     _resolved: 'https://registry.npmjs.org/phantomjs/-/phantomjs-1.9.16.tgz',
39 silly resolved     readme: 'ERROR: No README data found!' } ]
40 info install phantomjs@1.9.16 into /usr/lib
41 info installOne phantomjs@1.9.16
42 verbose lib/node_modules/phantomjs unbuild
43 verbose tar unpack /home/lucas/.npm/phantomjs/1.9.16/package.tgz
44 silly lockFile ce07c23f-r-usr-lib-node-modules-phantomjs tar:///usr/lib/node_modules/phantomjs
45 verbose lock tar:///usr/lib/node_modules/phantomjs /home/lucas/.npm/ce07c23f-r-usr-lib-node-modules-phantomjs.lock
46 silly lockFile 6e757b9d-npm-phantomjs-1-9-16-package-tgz tar:///home/lucas/.npm/phantomjs/1.9.16/package.tgz
47 verbose lock tar:///home/lucas/.npm/phantomjs/1.9.16/package.tgz /home/lucas/.npm/6e757b9d-npm-phantomjs-1-9-16-package-tgz.lock
48 silly gunzTarPerm modes [ '775', '664' ]
49 error Error: EACCES, mkdir '/usr/lib/node_modules/phantomjs'
49 error  { [Error: EACCES, mkdir '/usr/lib/node_modules/phantomjs']
49 error   errno: 3,
49 error   code: 'EACCES',
49 error   path: '/usr/lib/node_modules/phantomjs',
49 error   fstream_type: 'Directory',
49 error   fstream_path: '/usr/lib/node_modules/phantomjs',
49 error   fstream_class: 'DirWriter',
49 error   fstream_stack:
49 error    [ '/usr/lib/node_modules/npm/node_modules/fstream/lib/dir-writer.js:36:23',
49 error      '/usr/lib/node_modules/npm/node_modules/mkdirp/index.js:46:53',
49 error      'Object.oncomplete (fs.js:107:15)' ] }
50 error Please try running this command again as root/Administrator.
51 error System Linux 3.2.0-70-generic
52 error command "/usr/bin/node" "/usr/bin/npm" "install" "-g" "phantomjs"
53 error cwd /home/lucas/Projects/Milkshake/SandPit
54 error node -v v0.10.33
55 error npm -v 1.4.28
56 error path /usr/lib/node_modules/phantomjs
57 error fstream_path /usr/lib/node_modules/phantomjs
58 error fstream_type Directory
59 error fstream_class DirWriter
60 error code EACCES
61 error errno 3
62 error stack Error: EACCES, mkdir '/usr/lib/node_modules/phantomjs'
63 error fstream_stack /usr/lib/node_modules/npm/node_modules/fstream/lib/dir-writer.js:36:23
63 error fstream_stack /usr/lib/node_modules/npm/node_modules/mkdirp/index.js:46:53
63 error fstream_stack Object.oncomplete (fs.js:107:15)
64 verbose exit [ 3, true ]
